<?xml version="1.0" encoding="UTF-8"?>
<testsuite name="ContactTest" tests="3" skipped="0" failures="0" errors="0" timestamp="2017-03-12T20:39:54" hostname="localhost.localdomain" time="0.004">
  <properties/>
  <testcase name="testContactNotes" classname="ContactTest" time="0.002"/>
  <testcase name="testContactName" classname="ContactTest" time="0.0"/>
  <testcase name="testContactId" classname="ContactTest" time="0.001"/>
  <system-out><![CDATA[]]></system-out>
  <system-err><![CDATA[]]></system-err>
</testsuite>
